<?xml version="1.0" encoding="UTF-8"?>
<testsuite xmlns:xsi="http://www.w3.org/2001/XMLSchema-instance" xsi:schemaLocation="https://maven.apache.org/surefire/maven-surefire-plugin/xsd/surefire-test-report.xsd" name="com.cucumber.stepdefs.RunCucumberTest" time="0.099" tests="1" errors="1" skipped="0" failures="0">
  <properties>
[...]
</properties>
  <testcase name="initializationError" classname="com.cucumber.stepdefs.RunCucumberTest" time="0.002">
    <error message="path must exist: C:\HiberusUniversity\proyecto\inclass\RestAssuredProject\rest-assured-carlos\src\test\resources\hellocucumber" type="java.lang.IllegalArgumentException">java.lang.IllegalArgumentException: path must exist: C:\HiberusUniversity\proyecto\inclass\RestAssuredProject\rest-assured-carlos\src\test\resources\hellocucumber
</error>
  </testcase>
</testsuite>